<?xml version="1.0" encoding="UTF-8"?>
<testsuite name="JUnit Jupiter" tests="4" skipped="0" failures="0" errors="0" time="0.074" hostname="PC-VINICIUS" timestamp="2017-11-12T19:55:03">
<properties>
[...]
</properties>
<testcase name="changePrefix()" classname="me.viniciusarnhold.altaria.command.PrefixesTest" time="0.048">
<system-out><![CDATA[
unique-id: [engine:junit-jupiter]/[class:me.viniciusarnhold.altaria.command.PrefixesTest]/[method:changePrefix()]
display-name: changePrefix()
]]></system-out>
</testcase>
<testcase name="formatToString()" classname="me.viniciusarnhold.altaria.utils.TimeUtilsTest" time="0.001">
<system-out><![CDATA[
unique-id: [engine:junit-jupiter]/[class:me.viniciusarnhold.altaria.utils.TimeUtilsTest]/[method:formatToString()]
display-name: formatToString()
]]></system-out>
</testcase>
<testcase name="formatToString1()" classname="me.viniciusarnhold.altaria.utils.TimeUtilsTest" time="0">
<system-out><![CDATA[
unique-id: [engine:junit-jupiter]/[class:me.viniciusarnhold.altaria.utils.TimeUtilsTest]/[method:formatToString1()]
display-name: formatToString1()
]]></system-out>
</testcase>
<testcase name="abbreviate()" classname="me.viniciusarnhold.altaria.utils.TimeUtilsTest" time="0">
<system-out><![CDATA[
unique-id: [engine:junit-jupiter]/[class:me.viniciusarnhold.altaria.utils.TimeUtilsTest]/[method:abbreviate()]
display-name: abbreviate()
]]></system-out>
</testcase>
<system-out><![CDATA[
unique-id: [engine:junit-jupiter]
display-name: JUnit Jupiter
]]></system-out>
</testsuite>
